#-----------------------------------------------------------
# Vivado v2019.2 (64-bit)
# SW Build 2708876 on Wed Nov  6 21:40:23 MST 2019
# IP Build 2700528 on Thu Nov  7 00:09:20 MST 2019
# Start of session at: Sun Dec  1 18:06:58 2024
# Process ID: 14432
# Current directory: C:/Users/Bamboo/Desktop/vivado1/MyCpu/SignZeroExtend
# Command line: vivado.exe -gui_launcher_event rodinguilauncherevent35904 C:\Users\Bamboo\Desktop\vivado1\MyCpu\SignZeroExtend\SignZeroExtend.xpr
# Log file: C:/Users/Bamboo/Desktop/vivado1/MyCpu/SignZeroExtend/vivado.log
# Journal file: C:/Users/Bamboo/Desktop/vivado1/MyCpu/SignZeroExtend\vivado.jou
#-----------------------------------------------------------
start_gui
open_project C:/Users/Bamboo/Desktop/vivado1/MyCpu/SignZeroExtend/SignZeroExtend.xpr
Scanning sources...
Finished scanning sources
INFO: [IP_Flow 19-234] Refreshing IP repositories
INFO: [IP_Flow 19-1704] No user IP repositories specified
INFO: [IP_Flow 19-2313] Loaded Vivado IP repository 'D:/Vivado/Vivado/2019.2/data/ip'.
update_compile_order -fileset sources_1
exit
INFO: [Common 17-206] Exiting Vivado at Sun Dec  1 18:07:25 2024...
