#-----------------------------------------------------------
# Vivado v2019.2 (64-bit)
# SW Build 2708876 on Wed Nov  6 21:40:23 MST 2019
# IP Build 2700528 on Thu Nov  7 00:09:20 MST 2019
# Start of session at: Tue Jan 21 11:39:58 2025
# Process ID: 3760
# Current directory: C:/Users/Bamboo/Desktop/vivado1/MyCpu1/MultiCycleCPU
# Command line: vivado.exe -gui_launcher_event rodinguilauncherevent30692 C:\Users\Bamboo\Desktop\vivado1\MyCpu1\MultiCycleCPU\MultiCycleCPU.xpr
# Log file: C:/Users/Bamboo/Desktop/vivado1/MyCpu1/MultiCycleCPU/vivado.log
# Journal file: C:/Users/Bamboo/Desktop/vivado1/MyCpu1/MultiCycleCPU\vivado.jou
#-----------------------------------------------------------
start_gui
open_project C:/Users/Bamboo/Desktop/vivado1/MyCpu1/MultiCycleCPU/MultiCycleCPU.xpr
Scanning sources...
Finished scanning sources
INFO: [IP_Flow 19-234] Refreshing IP repositories
INFO: [IP_Flow 19-1704] No user IP repositories specified
INFO: [IP_Flow 19-2313] Loaded Vivado IP repository 'D:/Vivado/Vivado/2019.2/data/ip'.
open_project: Time (s): cpu = 00:00:03 ; elapsed = 00:00:07 . Memory (MB): peak = 926.699 ; gain = 264.195
update_compile_order -fileset sources_1
exit
INFO: [Common 17-206] Exiting Vivado at Tue Jan 21 23:34:48 2025...
