#-----------------------------------------------------------
# Vivado v2019.2 (64-bit)
# SW Build 2708876 on Wed Nov  6 21:40:23 MST 2019
# IP Build 2700528 on Thu Nov  7 00:09:20 MST 2019
# Start of session at: Wed Jan 22 10:51:54 2025
# Process ID: 31776
# Current directory: C:/Users/Bamboo/Desktop/vivado1/MyCpu1/MultiCycleCPU
# Command line: vivado.exe -gui_launcher_event rodinguilauncherevent22900 C:\Users\Bamboo\Desktop\vivado1\MyCpu1\MultiCycleCPU\MultiCycleCPU.xpr
# Log file: C:/Users/Bamboo/Desktop/vivado1/MyCpu1/MultiCycleCPU/vivado.log
# Journal file: C:/Users/Bamboo/Desktop/vivado1/MyCpu1/MultiCycleCPU\vivado.jou
#-----------------------------------------------------------sstart_guioopen_project C:/Users/Bamboo/Desktop/vivado1/MyCpu1/MultiCycleCPU/MultiCycleCPU.xprScanning sources...
FFinished scanning sourcesIINFO: [IP_Flow 19-234] Refreshing IP repositories
INFO: [IP_Flow 19-1704] No user IP repositories specifiedIINFO: [IP_Flow 19-2313] Loaded Vivado IP repository 'D:/Vivado/Vivado/2019.2/data/ip'.oopen_project: Time (s): cpu = 00:00:11 ; elapsed = 00:00:11 . Memory (MB): peak = 900.676 ; gain = 251.320
exit
INFO: [Common 17-206] Exiting Vivareset_run impl_1
launch_runs impl_1 -jobs 12
[Wed Jan 22 10:52:51 2025] Launched impl_1...
Run output will be captured here: C:/Users/Bamboo/Desktop/vivado1/MyCpu1/MultiCycleCPU/MultiCycleCPU.runs/impl_1/runme.log
launch_runs impl_1 -to_step write_bitstream -jobs 12
[Wed Jan 22 10:54:39 2025] Launched impl_1...
Run output will be captured here: C:/Users/Bamboo/Desktop/vivado1/MyCpu1/MultiCycleCPU/MultiCycleCPU.runs/impl_1/runme.log
open_hw_manager
connect_hw_server -allow_non_jtag
INFO: [Labtools 27-2285] Connecting to hw_server url TCP:localhost:3121
INFO: [Labtools 27-2222] Launching hw_server...
INFO: [Labtools 27-2221] Launch Output:

****** Xilinx hw_server v2019.2
  **** Build date : Nov  6 2019 at 22:12:23
    ** Copyright 1986-2019 Xilinx, Inc. All Rights Reserved.


INFO: [Labtools 27-3415] Connecting to cs_server url TCP:localhost:3042
INFO: [Labtools 27-3417] Launching cs_server...
INFO: [Labtools 27-2221] Launch Output:


****** Xilinx cs_server v2019.2.0
  **** Build date : Nov 07 2019-13:28:22
    ** Copyright 2017-2019 Xilinx, Inc. All Rights Reserved.



connect_hw_server: Time (s): cpu = 00:00:00 ; elapsed = 00:00:19 . Memory (MB): peak = 935.789 ; gain = 7.230
open_hw_target
INFO: [Labtoolstcl 44-466] Opening hw_target localhost:3121/xilinx_tcf/Digilent/210183794630A
set_property PROGRAM.FILE {C:/Users/Bamboo/Desktop/vivado1/MyCpu1/MultiCycleCPU/MultiCycleCPU.runs/impl_1/basys3.bit} [get_hw_devices xc7a35t_0]
current_hw_device [get_hw_devices xc7a35t_0]
refresh_hw_device -update_hw_probes false [lindex [get_hw_devices xc7a35t_0] 0]
INFO: [Labtools 27-1434] Device xc7a35t (JTAG device index = 0) is programmed with a design that has no supported debug core(s) in it.
set_property PROBES.FILE {} [get_hw_devices xc7a35t_0]
set_property FULL_PROBES.FILE {} [get_hw_devices xc7a35t_0]
set_property PROGRAM.FILE {C:/Users/Bamboo/Desktop/vivado1/MyCpu1/MultiCycleCPU/MultiCycleCPU.runs/impl_1/basys3.bit} [get_hw_devices xc7a35t_0]
program_hw_devices [get_hw_devices xc7a35t_0]
INFO: [Labtools 27-3164] End of startup status: HIGH
refresh_hw_device [lindex [get_hw_devices xc7a35t_0] 0]
INFO: [Labtools 27-1434] Device xc7a35t (JTAG device index = 0) is programmed with a design that has no supported debug core(s) in it.
launch_simulation
Command: launch_simulation 
INFO: [Vivado 12-5682] Launching behavioral simulation in 'C:/Users/Bamboo/Desktop/vivado1/MyCpu1/MultiCycleCPU/MultiCycleCPU.sim/sim_1/behav/xsim'
INFO: [SIM-utils-51] Simulation object is 'sim_1'
INFO: [SIM-utils-54] Inspecting design source files for 'multiCycleCPU_sim' in fileset 'sim_1'...
INFO: [USF-XSim-97] Finding global include files...
INFO: [USF-XSim-98] Fetching design files from 'sim_1'...
INFO: [USF-XSim-2] XSim::Compile design
INFO: [USF-XSim-61] Executing 'COMPILE and ANALYZE' step in 'C:/Users/Bamboo/Desktop/vivado1/MyCpu1/MultiCycleCPU/MultiCycleCPU.sim/sim_1/behav/xsim'
"xvlog --incr --relax -prj multiCycleCPU_sim_vlog.prj"
INFO: [USF-XSim-69] 'compile' step finished in '3' seconds
INFO: [USF-XSim-3] XSim::Elaborate design
INFO: [USF-XSim-61] Executing 'ELABORATE' step in 'C:/Users/Bamboo/Desktop/vivado1/MyCpu1/MultiCycleCPU/MultiCycleCPU.sim/sim_1/behav/xsim'
"xelab -wto c7bb4256b3e84ba5901db68b62225bb5 --incr --debug typical --relax --mt 2 -L xil_defaultlib -L unisims_ver -L unimacro_ver -L secureip --snapshot multiCycleCPU_sim_behav xil_defaultlib.multiCycleCPU_sim xil_defaultlib.glbl -log elaborate.log"
Vivado Simulator 2019.2
Copyright 1986-1999, 2001-2019 Xilinx, Inc. All Rights Reserved.
Running: D:/Vivado/Vivado/2019.2/bin/unwrapped/win64.o/xelab.exe -wto c7bb4256b3e84ba5901db68b62225bb5 --incr --debug typical --relax --mt 2 -L xil_defaultlib -L unisims_ver -L unimacro_ver -L secureip --snapshot multiCycleCPU_sim_behav xil_defaultlib.multiCycleCPU_sim xil_defaultlib.glbl -log elaborate.log 
Using 2 slave threads.
Starting static elaboration
Pass Through NonSizing Optimizer
WARNING: [VRFC 10-3091] actual bit length 4 differs from formal bit length 1 for port 'PC4' [C:/Users/Bamboo/Desktop/vivado1/MyCpu1/MultiCycleCPU/MultiCycleCPU.srcs/sources_1/new/MultiCycleCPU.v:47]
Completed static elaboration
INFO: [XSIM 43-4323] No Change in HDL. Linking previously generated obj files to create kernel
run_program: Time (s): cpu = 00:00:00 ; elapsed = 00:00:09 . Memory (MB): peak = 2200.938 ; gain = 0.000
INFO: [USF-XSim-69] 'elaborate' step finished in '10' seconds
INFO: [USF-XSim-4] XSim::Simulate design
INFO: [USF-XSim-61] Executing 'SIMULATE' step in 'C:/Users/Bamboo/Desktop/vivado1/MyCpu1/MultiCycleCPU/MultiCycleCPU.sim/sim_1/behav/xsim'
INFO: [USF-XSim-98] *** Running xsim
   with args "multiCycleCPU_sim_behav -key {Behavioral:sim_1:Functional:multiCycleCPU_sim} -tclbatch {multiCycleCPU_sim.tcl} -view {C:/Users/Bamboo/Desktop/vivado1/MyCpu1/MultiCycleCPU/multiCycleCPU_sim_behav.wcfg} -log {simulate.log}"
INFO: [USF-XSim-8] Loading simulator feature
Vivado Simulator 2019.2
Time resolution is 1 ps
open_wave_config C:/Users/Bamboo/Desktop/vivado1/MyCpu1/MultiCycleCPU/multiCycleCPU_sim_behav.wcfg
source multiCycleCPU_sim.tcl
# set curr_wave [current_wave_config]
# if { [string length $curr_wave] == 0 } {
#   if { [llength [get_objects]] > 0} {
#     add_wave /
#     set_property needs_save false [current_wave_config]
#   } else {
#      send_msg_id Add_Wave-1 WARNING "No top level signals found. Simulator will start without a wave window. If you want to open a wave window go to 'File->New Waveform Configuration' or type 'create_wave_config' in the TCL console."
#   }
# }
# run 1000ns
INFO: [USF-XSim-96] XSim completed. Design snapshot 'multiCycleCPU_sim_behav' loaded.
INFO: [USF-XSim-97] XSim simulation ran for 1000ns
launch_simulation: Time (s): cpu = 00:00:02 ; elapsed = 00:00:17 . Memory (MB): peak = 2270.227 ; gain = 69.289
run 10 us
ERROR: [Labtoolstcl 44-513] HW Target shutdown. Closing target: localhost:3121/xilinx_tcf/Digilent/210183794630A
close_sim
INFO: [Simtcl 6-16] Simulation closed
close_sim: Time (s): cpu = 00:00:00 ; elapsed = 00:00:10 . Memory (MB): peak = 3003.969 ; gain = 0.000
exit
INFO: [Common 17-206] Exiting Vivado at Wed Jan 22 15:02:29 2025...
