#-----------------------------------------------------------
# Vivado v2019.2 (64-bit)
# SW Build 2708876 on Wed Nov  6 21:40:23 MST 2019
# IP Build 2700528 on Thu Nov  7 00:09:20 MST 2019
# Start of session at: Wed Dec 25 09:48:43 2024
# Process ID: 48592
# Current directory: C:/Users/Bamboo/Desktop/vivado1/MyCpu/SingleCycleCPU_new
# Command line: vivado.exe -gui_launcher_event rodinguilauncherevent49580 C:\Users\Bamboo\Desktop\vivado1\MyCpu\SingleCycleCPU_new\SingleCycleCPU_new.xpr
# Log file: C:/Users/Bamboo/Desktop/vivado1/MyCpu/SingleCycleCPU_new/vivado.log
# Journal file: C:/Users/Bamboo/Desktop/vivado1/MyCpu/SingleCycleCPU_new\vivado.jou
#-----------------------------------------------------------
start_gui
open_project C:/Users/Bamboo/Desktop/vivado1/MyCpu/SingleCycleCPU_new/SingleCycleCPU_new.xpr
Scanning sources...
Finished scanning sources
INFO: [IP_Flow 19-234] Refreshing IP repositories
INFO: [IP_Flow 19-1704] No user IP repositories specified
INFO: [IP_Flow 19-2313] Loaded Vivado IP repository 'D:/Vivado/Vivado/2019.2/data/ip'.
open_project: Time (s): cpu = 00:00:12 ; elapsed = 00:00:12 . Memory (MB): peak = 964.586 ; gain = 278.562
update_compile_order -fileset sources_1
exit
INFO: [Common 17-206] Exiting Vivado at Wed Dec 25 10:23:43 2024...
