#-----------------------------------------------------------
# Vivado v2019.2 (64-bit)
# SW Build 2708876 on Wed Nov  6 21:40:23 MST 2019
# IP Build 2700528 on Thu Nov  7 00:09:20 MST 2019
# Start of session at: Fri Dec 27 17:18:33 2024
# Process ID: 22664
# Current directory: C:/Users/Bamboo/Desktop/vivado1/MyCpu/SingleCycleCPU_new
# Command line: vivado.exe -gui_launcher_event rodinguilauncherevent11172 C:\Users\Bamboo\Desktop\vivado1\MyCpu\SingleCycleCPU_new\SingleCycleCPU_new.xpr
# Log file: C:/Users/Bamboo/Desktop/vivado1/MyCpu/SingleCycleCPU_new/vivado.log
# Journal file: C:/Users/Bamboo/Desktop/vivado1/MyCpu/SingleCycleCPU_new\vivado.jou
#-----------------------------------------------------------
start_gui
open_project C:/Users/Bamboo/Desktop/vivado1/MyCpu/SingleCycleCPU_new/SingleCycleCPU_new.xpr
Scanning sources...
Finished scanning sources
INFO: [IP_Flow 19-234] Refreshing IP repositories
INFO: [IP_Flow 19-1704] No user IP repositories specified
INFO: [IP_Flow 19-2313] Loaded Vivado IP repository 'D:/Vivado/Vivado/2019.2/data/ip'.
update_compile_order -fileset sources_1
reset_run synth_1
launch_runs synth_1 -jobs 12
[Fri Dec 27 17:28:36 2024] Launched synth_1...
Run output will be captured here: C:/Users/Bamboo/Desktop/vivado1/MyCpu/SingleCycleCPU_new/SingleCycleCPU_new.runs/synth_1/runme.log
launch_runs impl_1 -jobs 12
[Fri Dec 27 17:29:52 2024] Launched impl_1...
Run output will be captured here: C:/Users/Bamboo/Desktop/vivado1/MyCpu/SingleCycleCPU_new/SingleCycleCPU_new.runs/impl_1/runme.log
reset_run impl_1
close_project
exit
INFO: [Common 17-206] Exiting Vivado at Fri Dec 27 17:46:23 2024...
