#-----------------------------------------------------------
# Vivado v2019.2 (64-bit)
# SW Build 2708876 on Wed Nov  6 21:40:23 MST 2019
# IP Build 2700528 on Thu Nov  7 00:09:20 MST 2019
# Start of session at: Wed Dec  4 19:36:09 2024
# Process ID: 11304
# Current directory: C:/Users/Bamboo/Desktop/vivado1/MyCpu/RegisterFile
# Command line: vivado.exe -gui_launcher_event rodinguilauncherevent36564 C:\Users\Bamboo\Desktop\vivado1\MyCpu\RegisterFile\RegisterFile.xpr
# Log file: C:/Users/Bamboo/Desktop/vivado1/MyCpu/RegisterFile/vivado.log
# Journal file: C:/Users/Bamboo/Desktop/vivado1/MyCpu/RegisterFile\vivado.jou
#-----------------------------------------------------------
start_gui
open_project C:/Users/Bamboo/Desktop/vivado1/MyCpu/RegisterFile/RegisterFile.xpr
Scanning sources...
Finished scanning sources
INFO: [IP_Flow 19-234] Refreshing IP repositories
INFO: [IP_Flow 19-1704] No user IP repositories specified
INFO: [IP_Flow 19-2313] Loaded Vivado IP repository 'D:/Vivado/Vivado/2019.2/data/ip'.
update_compile_order -fileset sources_1
launch_simulation
Command: launch_simulation 
INFO: [Vivado 12-5682] Launching behavioral simulation in 'C:/Users/Bamboo/Desktop/vivado1/MyCpu/RegisterFile/RegisterFile.sim/sim_1/behav/xsim'
INFO: [SIM-utils-51] Simulation object is 'sim_1'
INFO: [SIM-utils-54] Inspecting design source files for 'RegFile_sim' in fileset 'sim_1'...
INFO: [USF-XSim-97] Finding global include files...
INFO: [USF-XSim-98] Fetching design files from 'sim_1'...
INFO: [USF-XSim-2] XSim::Compile design
INFO: [USF-XSim-61] Executing 'COMPILE and ANALYZE' step in 'C:/Users/Bamboo/Desktop/vivado1/MyCpu/RegisterFile/RegisterFile.sim/sim_1/behav/xsim'
"xvlog --incr --relax -prj RegFile_sim_vlog.prj"
INFO: [USF-XSim-69] 'compile' step finished in '1' seconds
INFO: [USF-XSim-3] XSim::Elaborate design
INFO: [USF-XSim-61] Executing 'ELABORATE' step in 'C:/Users/Bamboo/Desktop/vivado1/MyCpu/RegisterFile/RegisterFile.sim/sim_1/behav/xsim'
"xelab -wto dcde33c4a48b480183ee30e70e283de6 --incr --debug typical --relax --mt 2 -L xil_defaultlib -L unisims_ver -L unimacro_ver -L secureip --snapshot RegFile_sim_behav xil_defaultlib.RegFile_sim xil_defaultlib.glbl -log elaborate.log"
Vivado Simulator 2019.2
Copyright 1986-1999, 2001-2019 Xilinx, Inc. All Rights Reserved.
Running: D:/Vivado/Vivado/2019.2/bin/unwrapped/win64.o/xelab.exe -wto dcde33c4a48b480183ee30e70e283de6 --incr --debug typical --relax --mt 2 -L xil_defaultlib -L unisims_ver -L unimacro_ver -L secureip --snapshot RegFile_sim_behav xil_defaultlib.RegFile_sim xil_defaultlib.glbl -log elaborate.log 
Using 2 slave threads.
Starting static elaboration
Pass Through NonSizing Optimizer
Completed static elaboration
INFO: [XSIM 43-4323] No Change in HDL. Linking previously generated obj files to create kernel
INFO: [USF-XSim-69] 'elaborate' step finished in '2' seconds
INFO: [USF-XSim-4] XSim::Simulate design
INFO: [USF-XSim-61] Executing 'SIMULATE' step in 'C:/Users/Bamboo/Desktop/vivado1/MyCpu/RegisterFile/RegisterFile.sim/sim_1/behav/xsim'
INFO: [USF-XSim-98] *** Running xsim
   with args "RegFile_sim_behav -key {Behavioral:sim_1:Functional:RegFile_sim} -tclbatch {RegFile_sim.tcl} -view {C:/Users/Bamboo/Desktop/vivado1/MyCpu/RegisterFile/RegFile_sim_behav.wcfg} -log {simulate.log}"
INFO: [USF-XSim-8] Loading simulator feature
Vivado Simulator 2019.2
Time resolution is 1 ps
open_wave_config C:/Users/Bamboo/Desktop/vivado1/MyCpu/RegisterFile/RegFile_sim_behav.wcfg
source RegFile_sim.tcl
# set curr_wave [current_wave_config]
# if { [string length $curr_wave] == 0 } {
#   if { [llength [get_objects]] > 0} {
#     add_wave /
#     set_property needs_save false [current_wave_config]
#   } else {
#      send_msg_id Add_Wave-1 WARNING "No top level signals found. Simulator will start without a wave window. If you want to open a wave window go to 'File->New Waveform Configuration' or type 'create_wave_config' in the TCL console."
#   }
# }
# run 1000ns
$stop called at time : 70 ns : File "C:/Users/Bamboo/Desktop/vivado1/MyCpu/RegisterFile/RegisterFile.srcs/sim_1/new/RegFile_sim.v" Line 89
INFO: [USF-XSim-96] XSim completed. Design snapshot 'RegFile_sim_behav' loaded.
INFO: [USF-XSim-97] XSim simulation ran for 1000ns
launch_simulation: Time (s): cpu = 00:00:01 ; elapsed = 00:00:07 . Memory (MB): peak = 935.078 ; gain = 26.605
run 10 us
run 10 us
close_sim
INFO: [Simtcl 6-16] Simulation closed
launch_simulation
Command: launch_simulation 
INFO: [Vivado 12-5682] Launching behavioral simulation in 'C:/Users/Bamboo/Desktop/vivado1/MyCpu/RegisterFile/RegisterFile.sim/sim_1/behav/xsim'
INFO: [SIM-utils-51] Simulation object is 'sim_1'
INFO: [SIM-utils-54] Inspecting design source files for 'RegFile_sim' in fileset 'sim_1'...
INFO: [USF-XSim-97] Finding global include files...
INFO: [USF-XSim-98] Fetching design files from 'sim_1'...
INFO: [USF-XSim-2] XSim::Compile design
INFO: [USF-XSim-61] Executing 'COMPILE and ANALYZE' step in 'C:/Users/Bamboo/Desktop/vivado1/MyCpu/RegisterFile/RegisterFile.sim/sim_1/behav/xsim'
"xvlog --incr --relax -prj RegFile_sim_vlog.prj"
INFO: [USF-XSim-69] 'compile' step finished in '1' seconds
INFO: [USF-XSim-3] XSim::Elaborate design
INFO: [USF-XSim-61] Executing 'ELABORATE' step in 'C:/Users/Bamboo/Desktop/vivado1/MyCpu/RegisterFile/RegisterFile.sim/sim_1/behav/xsim'
"xelab -wto dcde33c4a48b480183ee30e70e283de6 --incr --debug typical --relax --mt 2 -L xil_defaultlib -L unisims_ver -L unimacro_ver -L secureip --snapshot RegFile_sim_behav xil_defaultlib.RegFile_sim xil_defaultlib.glbl -log elaborate.log"
Vivado Simulator 2019.2
Copyright 1986-1999, 2001-2019 Xilinx, Inc. All Rights Reserved.
Running: D:/Vivado/Vivado/2019.2/bin/unwrapped/win64.o/xelab.exe -wto dcde33c4a48b480183ee30e70e283de6 --incr --debug typical --relax --mt 2 -L xil_defaultlib -L unisims_ver -L unimacro_ver -L secureip --snapshot RegFile_sim_behav xil_defaultlib.RegFile_sim xil_defaultlib.glbl -log elaborate.log 
Using 2 slave threads.
Starting static elaboration
Pass Through NonSizing Optimizer
Completed static elaboration
INFO: [XSIM 43-4323] No Change in HDL. Linking previously generated obj files to create kernel
INFO: [USF-XSim-69] 'elaborate' step finished in '1' seconds
INFO: [USF-XSim-4] XSim::Simulate design
INFO: [USF-XSim-61] Executing 'SIMULATE' step in 'C:/Users/Bamboo/Desktop/vivado1/MyCpu/RegisterFile/RegisterFile.sim/sim_1/behav/xsim'
INFO: [USF-XSim-98] *** Running xsim
   with args "RegFile_sim_behav -key {Behavioral:sim_1:Functional:RegFile_sim} -tclbatch {RegFile_sim.tcl} -view {C:/Users/Bamboo/Desktop/vivado1/MyCpu/RegisterFile/RegFile_sim_behav.wcfg} -log {simulate.log}"
INFO: [USF-XSim-8] Loading simulator feature
Vivado Simulator 2019.2
Time resolution is 1 ps
open_wave_config C:/Users/Bamboo/Desktop/vivado1/MyCpu/RegisterFile/RegFile_sim_behav.wcfg
source RegFile_sim.tcl
# set curr_wave [current_wave_config]
# if { [string length $curr_wave] == 0 } {
#   if { [llength [get_objects]] > 0} {
#     add_wave /
#     set_property needs_save false [current_wave_config]
#   } else {
#      send_msg_id Add_Wave-1 WARNING "No top level signals found. Simulator will start without a wave window. If you want to open a wave window go to 'File->New Waveform Configuration' or type 'create_wave_config' in the TCL console."
#   }
# }
# run 1000ns
$stop called at time : 70 ns : File "C:/Users/Bamboo/Desktop/vivado1/MyCpu/RegisterFile/RegisterFile.srcs/sim_1/new/RegFile_sim.v" Line 89
INFO: [USF-XSim-96] XSim completed. Design snapshot 'RegFile_sim_behav' loaded.
INFO: [USF-XSim-97] XSim simulation ran for 1000ns
close_sim
INFO: [Simtcl 6-16] Simulation closed
exit
INFO: [Common 17-206] Exiting Vivado at Wed Dec  4 19:49:57 2024...
