#-----------------------------------------------------------
# Vivado v2019.2 (64-bit)
# SW Build 2708876 on Wed Nov  6 21:40:23 MST 2019
# IP Build 2700528 on Thu Nov  7 00:09:20 MST 2019
# Start of session at: Mon Dec  2 15:06:24 2024
# Process ID: 34724
# Current directory: C:/Users/Bamboo/Desktop/vivado1/MyCpu/SingleCycleCPU
# Command line: vivado.exe -gui_launcher_event rodinguilauncherevent37992 C:\Users\Bamboo\Desktop\vivado1\MyCpu\SingleCycleCPU\SingleCycleCPU.xpr
# Log file: C:/Users/Bamboo/Desktop/vivado1/MyCpu/SingleCycleCPU/vivado.log
# Journal file: C:/Users/Bamboo/Desktop/vivado1/MyCpu/SingleCycleCPU\vivado.jou
#-----------------------------------------------------------
start_gui
open_project C:/Users/Bamboo/Desktop/vivado1/MyCpu/SingleCycleCPU/SingleCycleCPU.xpr
Scanning sources...
Finished scanning sources
INFO: [IP_Flow 19-234] Refreshing IP repositories
INFO: [IP_Flow 19-1704] No user IP repositories specified
INFO: [IP_Flow 19-2313] Loaded Vivado IP repository 'D:/Vivado/Vivado/2019.2/data/ip'.
open_project: Time (s): cpu = 00:00:08 ; elapsed = 00:00:08 . Memory (MB): peak = 957.895 ; gain = 249.723
update_compile_order -fileset sources_1
close [ open C:/Users/Bamboo/Desktop/vivado1/MyCpu/SingleCycleCPU/SingleCycleCPU.srcs/sources_1/new/Debounce.v w ]
add_files C:/Users/Bamboo/Desktop/vivado1/MyCpu/SingleCycleCPU/SingleCycleCPU.srcs/sources_1/new/Debounce.v
update_compile_order -fileset sources_1
close [ open C:/Users/Bamboo/Desktop/vivado1/MyCpu/SingleCycleCPU/SingleCycleCPU.srcs/sources_1/new/SegLED.v w ]
add_files C:/Users/Bamboo/Desktop/vivado1/MyCpu/SingleCycleCPU/SingleCycleCPU.srcs/sources_1/new/SegLED.v
update_compile_order -fileset sources_1
update_compile_order -fileset sources_1
reset_run synth_1
launch_runs impl_1 -jobs 12
[Mon Dec  2 15:13:07 2024] Launched synth_1...
Run output will be captured here: C:/Users/Bamboo/Desktop/vivado1/MyCpu/SingleCycleCPU/SingleCycleCPU.runs/synth_1/runme.log
[Mon Dec  2 15:13:07 2024] Launched impl_1...
Run output will be captured here: C:/Users/Bamboo/Desktop/vivado1/MyCpu/SingleCycleCPU/SingleCycleCPU.runs/impl_1/runme.log
reset_run synth_1
launch_runs impl_1 -jobs 12
[Mon Dec  2 15:14:43 2024] Launched synth_1...
Run output will be captured here: C:/Users/Bamboo/Desktop/vivado1/MyCpu/SingleCycleCPU/SingleCycleCPU.runs/synth_1/runme.log
[Mon Dec  2 15:14:43 2024] Launched impl_1...
Run output will be captured here: C:/Users/Bamboo/Desktop/vivado1/MyCpu/SingleCycleCPU/SingleCycleCPU.runs/impl_1/runme.log
launch_runs impl_1 -to_step write_bitstream -jobs 12
[Mon Dec  2 15:16:29 2024] Launched impl_1...
Run output will be captured here: C:/Users/Bamboo/Desktop/vivado1/MyCpu/SingleCycleCPU/SingleCycleCPU.runs/impl_1/runme.log
close [ open C:/Users/Bamboo/Desktop/vivado1/MyCpu/SingleCycleCPU/SingleCycleCPU.srcs/sources_1/new/CLK_slow.v w ]
add_files C:/Users/Bamboo/Desktop/vivado1/MyCpu/SingleCycleCPU/SingleCycleCPU.srcs/sources_1/new/CLK_slow.v
update_compile_order -fileset sources_1
close [ open C:/Users/Bamboo/Desktop/vivado1/MyCpu/SingleCycleCPU/SingleCycleCPU.srcs/sources_1/new/keyboard_CLK.v w ]
add_files C:/Users/Bamboo/Desktop/vivado1/MyCpu/SingleCycleCPU/SingleCycleCPU.srcs/sources_1/new/keyboard_CLK.v
update_compile_order -fileset sources_1
export_ip_user_files -of_objects  [get_files C:/Users/Bamboo/Desktop/vivado1/MyCpu/SingleCycleCPU/SingleCycleCPU.srcs/sources_1/new/keyboard_CLK.v] -no_script -reset -force -quiet
remove_files  C:/Users/Bamboo/Desktop/vivado1/MyCpu/SingleCycleCPU/SingleCycleCPU.srcs/sources_1/new/keyboard_CLK.v
file delete -force C:/Users/Bamboo/Desktop/vivado1/MyCpu/SingleCycleCPU/SingleCycleCPU.srcs/sources_1/new/keyboard_CLK.v
close [ open C:/Users/Bamboo/Desktop/vivado1/MyCpu/SingleCycleCPU/SingleCycleCPU.srcs/sources_1/new/Keyboard_CLK.v w ]
add_files C:/Users/Bamboo/Desktop/vivado1/MyCpu/SingleCycleCPU/SingleCycleCPU.srcs/sources_1/new/Keyboard_CLK.v
update_compile_order -fileset sources_1
close [ open C:/Users/Bamboo/Desktop/vivado1/MyCpu/SingleCycleCPU/SingleCycleCPU.srcs/sources_1/new/counter.v w ]
add_files C:/Users/Bamboo/Desktop/vivado1/MyCpu/SingleCycleCPU/SingleCycleCPU.srcs/sources_1/new/counter.v
update_compile_order -fileset sources_1
export_ip_user_files -of_objects  [get_files C:/Users/Bamboo/Desktop/vivado1/MyCpu/SingleCycleCPU/SingleCycleCPU.srcs/sources_1/new/Debounce.v] -no_script -reset -force -quiet
remove_files  C:/Users/Bamboo/Desktop/vivado1/MyCpu/SingleCycleCPU/SingleCycleCPU.srcs/sources_1/new/Debounce.v
file delete -force C:/Users/Bamboo/Desktop/vivado1/MyCpu/SingleCycleCPU/SingleCycleCPU.srcs/sources_1/new/Debounce.v
export_ip_user_files -of_objects  [get_files C:/Users/Bamboo/Desktop/vivado1/MyCpu/SingleCycleCPU/SingleCycleCPU.srcs/sources_1/new/SegLED.v] -no_script -reset -force -quiet
remove_files  C:/Users/Bamboo/Desktop/vivado1/MyCpu/SingleCycleCPU/SingleCycleCPU.srcs/sources_1/new/SegLED.v
file delete -force C:/Users/Bamboo/Desktop/vivado1/MyCpu/SingleCycleCPU/SingleCycleCPU.srcs/sources_1/new/SegLED.v
close [ open C:/Users/Bamboo/Desktop/vivado1/MyCpu/SingleCycleCPU/SingleCycleCPU.srcs/sources_1/new/change.v w ]
add_files C:/Users/Bamboo/Desktop/vivado1/MyCpu/SingleCycleCPU/SingleCycleCPU.srcs/sources_1/new/change.v
update_compile_order -fileset sources_1
close [ open C:/Users/Bamboo/Desktop/vivado1/MyCpu/SingleCycleCPU/SingleCycleCPU.srcs/sources_1/new/Display_7SegLED.v w ]
add_files C:/Users/Bamboo/Desktop/vivado1/MyCpu/SingleCycleCPU/SingleCycleCPU.srcs/sources_1/new/Display_7SegLED.v
update_compile_order -fileset sources_1
update_compile_order -fileset sources_1
update_compile_order -fileset sources_1
reset_run synth_1
launch_runs impl_1 -jobs 12
[Mon Dec  2 15:34:22 2024] Launched synth_1...
Run output will be captured here: C:/Users/Bamboo/Desktop/vivado1/MyCpu/SingleCycleCPU/SingleCycleCPU.runs/synth_1/runme.log
[Mon Dec  2 15:34:22 2024] Launched impl_1...
Run output will be captured here: C:/Users/Bamboo/Desktop/vivado1/MyCpu/SingleCycleCPU/SingleCycleCPU.runs/impl_1/runme.log
reset_run synth_1
launch_runs impl_1 -jobs 12
[Mon Dec  2 15:38:43 2024] Launched synth_1...
Run output will be captured here: C:/Users/Bamboo/Desktop/vivado1/MyCpu/SingleCycleCPU/SingleCycleCPU.runs/synth_1/runme.log
[Mon Dec  2 15:38:43 2024] Launched impl_1...
Run output will be captured here: C:/Users/Bamboo/Desktop/vivado1/MyCpu/SingleCycleCPU/SingleCycleCPU.runs/impl_1/runme.log
launch_runs impl_1 -to_step write_bitstream -jobs 12
[Mon Dec  2 15:40:42 2024] Launched impl_1...
Run output will be captured here: C:/Users/Bamboo/Desktop/vivado1/MyCpu/SingleCycleCPU/SingleCycleCPU.runs/impl_1/runme.log
open_run impl_1
INFO: [Device 21-403] Loading part xc7a35tcpg236-1
Netlist sorting complete. Time (s): cpu = 00:00:00 ; elapsed = 00:00:00.019 . Memory (MB): peak = 1342.188 ; gain = 0.000
INFO: [Netlist 29-17] Analyzing 178 Unisim elements for replacement
INFO: [Netlist 29-28] Unisim Transformation completed in 1 CPU seconds
INFO: [Project 1-479] Netlist was created with Vivado 2019.2
INFO: [Project 1-570] Preparing netlist for logic optimization
INFO: [Timing 38-478] Restoring timing data from binary archive.
INFO: [Timing 38-479] Binary timing data restore complete.
INFO: [Project 1-856] Restoring constraints from binary archive.
INFO: [Project 1-853] Binary constraint restore complete.
Reading XDEF placement.
Reading placer database...
Reading XDEF routing.
Read XDEF File: Time (s): cpu = 00:00:00 ; elapsed = 00:00:00.192 . Memory (MB): peak = 2008.461 ; gain = 0.000
Restored from archive | CPU: 0.000000 secs | Memory: 0.000000 MB |
Finished XDEF File Restore: Time (s): cpu = 00:00:00 ; elapsed = 00:00:00.192 . Memory (MB): peak = 2008.461 ; gain = 0.000
Netlist sorting complete. Time (s): cpu = 00:00:00 ; elapsed = 00:00:00 . Memory (MB): peak = 2008.461 ; gain = 0.000
INFO: [Project 1-111] Unisim Transformation Summary:
  A total of 12 instances were transformed.
  RAM32M => RAM32M (RAMD32(x6), RAMS32(x2)): 12 instances

open_run: Time (s): cpu = 00:00:20 ; elapsed = 00:00:19 . Memory (MB): peak = 2358.441 ; gain = 1092.984
WARNING: [Timing 38-313] There are no user specified timing constraints. Timing constraints are needed for proper timing analysis.
place_ports {AN[3]} W4
place_ports {AN[2]} V4
place_ports {AN[1]} U4
place_ports {AN[0]} U2
place_ports {Out[7]} V7
place_ports {Out[6]} U7
place_ports {Out[5]} V5
place_ports {Out[4]} U5
place_ports {Out[3]} V8
place_ports {Out[2]} U8
place_ports {Out[1]} W6
place_ports {Out[0]} W7
place_ports {SW[1]} R2
place_ports {SW[0]} T1
place_ports Reset V17
place_ports clk U18
place_ports clk W5
place_ports Button U18
set_property IOSTANDARD LVCMOS33 [get_ports [list Button]]
set_property IOSTANDARD LVCMOS33 [get_ports [list clk]]
set_property IOSTANDARD LVCMOS33 [get_ports [list Reset]]
set_property IOSTANDARD LVCMOS33 [get_ports [list {Out[7]} {Out[6]} {Out[5]} {Out[4]} {Out[3]} {Out[2]} {Out[1]} {Out[0]}]]
set_property IOSTANDARD LVCMOS33 [get_ports [list {AN[3]} {AN[2]} {AN[1]} {AN[0]}]]
set_property IOSTANDARD LVCMOS33 [get_ports [list {SW[1]} {SW[0]}]]
save_constraints
reset_run impl_1
launch_runs impl_1 -jobs 12
[Mon Dec  2 15:45:54 2024] Launched impl_1...
Run output will be captured here: C:/Users/Bamboo/Desktop/vivado1/MyCpu/SingleCycleCPU/SingleCycleCPU.runs/impl_1/runme.log
launch_runs impl_1 -to_step write_bitstream -jobs 12
[Mon Dec  2 15:47:06 2024] Launched impl_1...
Run output will be captured here: C:/Users/Bamboo/Desktop/vivado1/MyCpu/SingleCycleCPU/SingleCycleCPU.runs/impl_1/runme.log
refresh_design
Netlist sorting complete. Time (s): cpu = 00:00:00 ; elapsed = 00:00:00.020 . Memory (MB): peak = 2632.578 ; gain = 0.000
INFO: [Netlist 29-17] Analyzing 178 Unisim elements for replacement
INFO: [Netlist 29-28] Unisim Transformation completed in 0 CPU seconds
INFO: [Project 1-479] Netlist was created with Vivado 2019.2
INFO: [Project 1-570] Preparing netlist for logic optimization
INFO: [Timing 38-478] Restoring timing data from binary archive.
INFO: [Timing 38-479] Binary timing data restore complete.
INFO: [Project 1-856] Restoring constraints from binary archive.
INFO: [Project 1-853] Binary constraint restore complete.
Reading XDEF placement.
Reading placer database...
Reading XDEF routing.
Read XDEF File: Time (s): cpu = 00:00:00 ; elapsed = 00:00:00.200 . Memory (MB): peak = 2632.578 ; gain = 0.000
Restored from archive | CPU: 0.000000 secs | Memory: 0.000000 MB |
Finished XDEF File Restore: Time (s): cpu = 00:00:00 ; elapsed = 00:00:00.200 . Memory (MB): peak = 2632.578 ; gain = 0.000
refresh_design: Time (s): cpu = 00:00:05 ; elapsed = 00:00:07 . Memory (MB): peak = 2773.957 ; gain = 284.523
WARNING: [Timing 38-313] There are no user specified timing constraints. Timing constraints are needed for proper timing analysis.
reset_run impl_1
launch_runs impl_1 -jobs 12
[Mon Dec  2 15:50:29 2024] Launched impl_1...
Run output will be captured here: C:/Users/Bamboo/Desktop/vivado1/MyCpu/SingleCycleCPU/SingleCycleCPU.runs/impl_1/runme.log
launch_runs impl_1 -to_step write_bitstream -jobs 12
[Mon Dec  2 15:51:38 2024] Launched impl_1...
Run output will be captured here: C:/Users/Bamboo/Desktop/vivado1/MyCpu/SingleCycleCPU/SingleCycleCPU.runs/impl_1/runme.log
open_hw_manager
connect_hw_server -allow_non_jtag
INFO: [Labtools 27-2285] Connecting to hw_server url TCP:localhost:3121
INFO: [Labtools 27-2222] Launching hw_server...
INFO: [Labtools 27-2221] Launch Output:

****** Xilinx hw_server v2019.2
  **** Build date : Nov  6 2019 at 22:12:23
    ** Copyright 1986-2019 Xilinx, Inc. All Rights Reserved.


INFO: [Labtools 27-3415] Connecting to cs_server url TCP:localhost:3042
INFO: [Labtools 27-3417] Launching cs_server...
INFO: [Labtools 27-2221] Launch Output:


****** Xilinx cs_server v2019.2.0
  **** Build date : Nov 07 2019-13:28:22
    ** Copyright 2017-2019 Xilinx, Inc. All Rights Reserved.



connect_hw_server: Time (s): cpu = 00:00:01 ; elapsed = 00:00:07 . Memory (MB): peak = 3173.414 ; gain = 2.574
open_hw_target
INFO: [Labtoolstcl 44-466] Opening hw_target localhost:3121/xilinx_tcf/Digilent/210183794630A
set_property PROGRAM.FILE {C:/Users/Bamboo/Desktop/vivado1/MyCpu/SingleCycleCPU/SingleCycleCPU.runs/impl_1/Basys3.bit} [get_hw_devices xc7a35t_0]
current_hw_device [get_hw_devices xc7a35t_0]
refresh_hw_device -update_hw_probes false [lindex [get_hw_devices xc7a35t_0] 0]
INFO: [Labtools 27-1434] Device xc7a35t (JTAG device index = 0) is programmed with a design that has no supported debug core(s) in it.
set_property PROBES.FILE {} [get_hw_devices xc7a35t_0]
set_property FULL_PROBES.FILE {} [get_hw_devices xc7a35t_0]
set_property PROGRAM.FILE {C:/Users/Bamboo/Desktop/vivado1/MyCpu/SingleCycleCPU/SingleCycleCPU.runs/impl_1/Basys3.bit} [get_hw_devices xc7a35t_0]
program_hw_devices [get_hw_devices xc7a35t_0]
INFO: [Labtools 27-3164] End of startup status: HIGH
refresh_hw_device [lindex [get_hw_devices xc7a35t_0] 0]
INFO: [Labtools 27-1434] Device xc7a35t (JTAG device index = 0) is programmed with a design that has no supported debug core(s) in it.
set_property PROBES.FILE {} [get_hw_devices xc7a35t_0]
set_property FULL_PROBES.FILE {} [get_hw_devices xc7a35t_0]
set_property PROGRAM.FILE {C:/Users/Bamboo/Desktop/vivado1/MyCpu/SingleCycleCPU/SingleCycleCPU.runs/impl_1/Basys3.bit} [get_hw_devices xc7a35t_0]
program_hw_devices [get_hw_devices xc7a35t_0]
INFO: [Labtools 27-3164] End of startup status: HIGH
refresh_hw_device [lindex [get_hw_devices xc7a35t_0] 0]
INFO: [Labtools 27-1434] Device xc7a35t (JTAG device index = 0) is programmed with a design that has no supported debug core(s) in it.
refresh_hw_device [lindex [get_hw_devices xc7a35t_0] 0]
INFO: [Labtools 27-1434] Device xc7a35t (JTAG device index = 0) is programmed with a design that has no supported debug core(s) in it.
ERROR: [Labtoolstcl 44-513] HW Target shutdown. Closing target: localhost:3121/xilinx_tcf/Digilent/210183794630A
INFO: [Labtoolstcl 44-466] Opening hw_target localhost:3121/xilinx_tcf/Digilent/210183794630A
INFO: [Labtools 27-1435] Device xc7a35t (JTAG device index = 0) is not programmed (DONE status = 0).
WARNING: [Labtoolstcl 44-129] No matching hw_ila_data was found.
set_property PROBES.FILE {} [get_hw_devices xc7a35t_0]
set_property FULL_PROBES.FILE {} [get_hw_devices xc7a35t_0]
set_property PROGRAM.FILE {C:/Users/Bamboo/Desktop/vivado1/MyCpu/SingleCycleCPU/SingleCycleCPU.runs/impl_1/Basys3.bit} [get_hw_devices xc7a35t_0]
program_hw_devices [get_hw_devices xc7a35t_0]
INFO: [Labtools 27-3164] End of startup status: HIGH
refresh_hw_device [lindex [get_hw_devices xc7a35t_0] 0]
INFO: [Labtools 27-1434] Device xc7a35t (JTAG device index = 0) is programmed with a design that has no supported debug core(s) in it.
exit
INFO: [Common 17-206] Exiting Vivado at Mon Dec  2 15:55:36 2024...
