#-----------------------------------------------------------
# Vivado v2019.2 (64-bit)
# SW Build 2708876 on Wed Nov  6 21:40:23 MST 2019
# IP Build 2700528 on Thu Nov  7 00:09:20 MST 2019
# Start of session at: Wed Dec  4 20:25:28 2024
# Process ID: 32380
# Current directory: C:/Users/Bamboo/Desktop/vivado1/MyCpu/ControlUnit
# Command line: vivado.exe -gui_launcher_event rodinguilauncherevent31444 C:\Users\Bamboo\Desktop\vivado1\MyCpu\ControlUnit\ControlUnit.xpr
# Log file: C:/Users/Bamboo/Desktop/vivado1/MyCpu/ControlUnit/vivado.log
# Journal file: C:/Users/Bamboo/Desktop/vivado1/MyCpu/ControlUnit\vivado.jou
#-----------------------------------------------------------
start_gui
open_project C:/Users/Bamboo/Desktop/vivado1/MyCpu/ControlUnit/ControlUnit.xpr
Scanning sources...
Finished scanning sources
INFO: [IP_Flow 19-234] Refreshing IP repositories
INFO: [IP_Flow 19-1704] No user IP repositories specified
INFO: [IP_Flow 19-2313] Loaded Vivado IP repository 'D:/Vivado/Vivado/2019.2/data/ip'.
update_compile_order -fileset sources_1
exit
INFO: [Common 17-206] Exiting Vivado at Wed Dec  4 20:46:39 2024...
