#-----------------------------------------------------------
# Vivado v2019.2 (64-bit)
# SW Build 2708876 on Wed Nov  6 21:40:23 MST 2019
# IP Build 2700528 on Thu Nov  7 00:09:20 MST 2019
# Start of session at: Mon Dec  2 17:34:03 2024
# Process ID: 36932
# Current directory: C:/Users/Bamboo/Desktop/vivado1/MyCpu/ControlUnit
# Command line: vivado.exe -gui_launcher_event rodinguilauncherevent30824 C:\Users\Bamboo\Desktop\vivado1\MyCpu\ControlUnit\ControlUnit.xpr
# Log file: C:/Users/Bamboo/Desktop/vivado1/MyCpu/ControlUnit/vivado.log
# Journal file: C:/Users/Bamboo/Desktop/vivado1/MyCpu/ControlUnit\vivado.jou
#-----------------------------------------------------------
start_gui
open_project C:/Users/Bamboo/Desktop/vivado1/MyCpu/ControlUnit/ControlUnit.xpr
Scanning sources...
Finished scanning sources
INFO: [IP_Flow 19-234] Refreshing IP repositories
INFO: [IP_Flow 19-1704] No user IP repositories specified
INFO: [IP_Flow 19-2313] Loaded Vivado IP repository 'D:/Vivado/Vivado/2019.2/data/ip'.
open_project: Time (s): cpu = 00:00:07 ; elapsed = 00:00:06 . Memory (MB): peak = 919.027 ; gain = 233.543
update_compile_order -fileset sources_1
update_compile_order -fileset sim_1
launch_simulation
Command: launch_simulation 
INFO: [Vivado 12-5682] Launching behavioral simulation in 'C:/Users/Bamboo/Desktop/vivado1/MyCpu/ControlUnit/ControlUnit.sim/sim_1/behav/xsim'
INFO: [SIM-utils-51] Simulation object is 'sim_1'
INFO: [SIM-utils-54] Inspecting design source files for 'ControlUnit_sim' in fileset 'sim_1'...
INFO: [USF-XSim-97] Finding global include files...
INFO: [USF-XSim-98] Fetching design files from 'sim_1'...
INFO: [USF-XSim-2] XSim::Compile design
INFO: [USF-XSim-61] Executing 'COMPILE and ANALYZE' step in 'C:/Users/Bamboo/Desktop/vivado1/MyCpu/ControlUnit/ControlUnit.sim/sim_1/behav/xsim'
"xvlog --incr --relax -prj ControlUnit_sim_vlog.prj"
INFO: [VRFC 10-2263] Analyzing Verilog file "C:/Users/Bamboo/Desktop/vivado1/MyCpu/ControlUnit/ControlUnit.srcs/sim_1/new/ControlUnit_sim.v" into library xil_defaultlib
INFO: [VRFC 10-311] analyzing module ControlUnit_sim
INFO: [USF-XSim-69] 'compile' step finished in '2' seconds
INFO: [USF-XSim-3] XSim::Elaborate design
INFO: [USF-XSim-61] Executing 'ELABORATE' step in 'C:/Users/Bamboo/Desktop/vivado1/MyCpu/ControlUnit/ControlUnit.sim/sim_1/behav/xsim'
"xelab -wto f61282ca669d49b1a42f2a42661b94b9 --incr --debug typical --relax --mt 2 -L xil_defaultlib -L unisims_ver -L unimacro_ver -L secureip --snapshot ControlUnit_sim_behav xil_defaultlib.ControlUnit_sim xil_defaultlib.glbl -log elaborate.log"
Vivado Simulator 2019.2
Copyright 1986-1999, 2001-2019 Xilinx, Inc. All Rights Reserved.
Running: D:/Vivado/Vivado/2019.2/bin/unwrapped/win64.o/xelab.exe -wto f61282ca669d49b1a42f2a42661b94b9 --incr --debug typical --relax --mt 2 -L xil_defaultlib -L unisims_ver -L unimacro_ver -L secureip --snapshot ControlUnit_sim_behav xil_defaultlib.ControlUnit_sim xil_defaultlib.glbl -log elaborate.log 
Using 2 slave threads.
Starting static elaboration
Pass Through NonSizing Optimizer
Completed static elaboration
Starting simulation data flow analysis
Completed simulation data flow analysis
Time Resolution for simulation is 1ps
Compiling module xil_defaultlib.ControlUnit
Compiling module xil_defaultlib.ControlUnit_sim
Compiling module xil_defaultlib.glbl
Built simulation snapshot ControlUnit_sim_behav

****** Webtalk v2019.2 (64-bit)
  **** SW Build 2708876 on Wed Nov  6 21:40:23 MST 2019
  **** IP Build 2700528 on Thu Nov  7 00:09:20 MST 2019
    ** Copyright 1986-2019 Xilinx, Inc. All Rights Reserved.

source C:/Users/Bamboo/Desktop/vivado1/MyCpu/ControlUnit/ControlUnit.sim/sim_1/behav/xsim/xsim.dir/ControlUnit_sim_behav/webtalk/xsim_webtalk.tcl -notrace
INFO: [Common 17-206] Exiting Webtalk at Mon Dec  2 17:34:42 2024...
INFO: [USF-XSim-69] 'elaborate' step finished in '4' seconds
INFO: [USF-XSim-4] XSim::Simulate design
INFO: [USF-XSim-61] Executing 'SIMULATE' step in 'C:/Users/Bamboo/Desktop/vivado1/MyCpu/ControlUnit/ControlUnit.sim/sim_1/behav/xsim'
INFO: [USF-XSim-98] *** Running xsim
   with args "ControlUnit_sim_behav -key {Behavioral:sim_1:Functional:ControlUnit_sim} -tclbatch {ControlUnit_sim.tcl} -log {simulate.log}"
INFO: [USF-XSim-8] Loading simulator feature
Vivado Simulator 2019.2
Time resolution is 1 ps
source ControlUnit_sim.tcl
# set curr_wave [current_wave_config]
# if { [string length $curr_wave] == 0 } {
#   if { [llength [get_objects]] > 0} {
#     add_wave /
#     set_property needs_save false [current_wave_config]
#   } else {
#      send_msg_id Add_Wave-1 WARNING "No top level signals found. Simulator will start without a wave window. If you want to open a wave window go to 'File->New Waveform Configuration' or type 'create_wave_config' in the TCL console."
#   }
# }
# run 1000ns
$stop called at time : 700 ns : File "C:/Users/Bamboo/Desktop/vivado1/MyCpu/ControlUnit/ControlUnit.srcs/sim_1/new/ControlUnit_sim.v" Line 115
INFO: [USF-XSim-96] XSim completed. Design snapshot 'ControlUnit_sim_behav' loaded.
INFO: [USF-XSim-97] XSim simulation ran for 1000ns
launch_simulation: Time (s): cpu = 00:00:06 ; elapsed = 00:00:11 . Memory (MB): peak = 979.918 ; gain = 44.957
close_sim
INFO: [Simtcl 6-16] Simulation closed
close_sim: Time (s): cpu = 00:00:03 ; elapsed = 00:00:09 . Memory (MB): peak = 979.918 ; gain = 0.000
exit
INFO: [Common 17-206] Exiting Vivado at Mon Dec  2 17:35:07 2024...
