Copyright 1986-2019 Xilinx, Inc. All Rights Reserved.
----------------------------------------------------------------------------------------------------------------------------------------
| Tool Version     : Vivado v.2019.2 (win64) Build 2708876 Wed Nov  6 21:40:23 MST 2019
| Date             : Mon Dec  2 16:00:48 2024
| Host             : LegionY7000P running 64-bit major release  (build 9200)
| Command          : report_power -file basys3_power_routed.rpt -pb basys3_power_summary_routed.pb -rpx basys3_power_routed.rpx
| Design           : basys3
| Device           : xc7a35tcpg236-1
| Design State     : routed
| Grade            : commercial
| Process          : typical
| Characterization : Production
----------------------------------------------------------------------------------------------------------------------------------------

Power Report

Table of Contents
-----------------
1. Summary
1.1 On-Chip Components
1.2 Power Supply Summary
1.3 Confidence Level
2. Settings
2.1 Environment
2.2 Clock Constraints
3. Detailed Reports
3.1 By Hierarchy

1. Summary
----------

+--------------------------+----------------------------------+
| Total On-Chip Power (W)  | 16.583 (Junction temp exceeded!) |
| Design Power Budget (W)  | Unspecified*                     |
| Power Budget Margin (W)  | NA                               |
| Dynamic (W)              | 16.270                           |
| Device Static (W)        | 0.313                            |
| Effective TJA (C/W)      | 5.0                              |
| Max Ambient (C)          | 2.1                              |
| Junction Temperature (C) | 107.9                            |
| Confidence Level         | Low                              |
| Setting File             | ---                              |
| Simulation Activity File | ---                              |
| Design Nets Matched      | NA                               |
+--------------------------+----------------------------------+
* Specify Design Power Budget using, set_operating_conditions -design_power_budget <value in Watts>


1.1 On-Chip Components
----------------------

+--------------------------+-----------+----------+-----------+-----------------+
| On-Chip                  | Power (W) | Used     | Available | Utilization (%) |
+--------------------------+-----------+----------+-----------+-----------------+
| Slice Logic              |     6.220 |     2471 |       --- |             --- |
|   LUT as Logic           |     5.223 |     1004 |     20800 |            4.83 |
|   LUT as Distributed RAM |     0.805 |       48 |      9600 |            0.50 |
|   CARRY4                 |     0.161 |       38 |      8150 |            0.47 |
|   Register               |     0.026 |     1099 |     41600 |            2.64 |
|   BUFG                   |     0.006 |        3 |        32 |            9.38 |
|   Others                 |     0.000 |       11 |       --- |             --- |
|   F7/F8 Muxes            |     0.000 |      128 |     32600 |            0.39 |
| Signals                  |    10.034 |     2136 |       --- |             --- |
| I/O                      |     0.016 |       17 |       106 |           16.04 |
| Static Power             |     0.313 |          |           |                 |
| Total                    |    16.583 |          |           |                 |
+--------------------------+-----------+----------+-----------+-----------------+


1.2 Power Supply Summary
------------------------

+-----------+-------------+-----------+-------------+------------+
| Source    | Voltage (V) | Total (A) | Dynamic (A) | Static (A) |
+-----------+-------------+-----------+-------------+------------+
| Vccint    |       1.000 |    16.473 |      16.270 |      0.203 |
| Vccaux    |       1.800 |     0.036 |       0.000 |      0.036 |
| Vcco33    |       3.300 |     0.001 |       0.000 |      0.001 |
| Vcco25    |       2.500 |     0.000 |       0.000 |      0.000 |
| Vcco18    |       1.800 |     0.000 |       0.000 |      0.000 |
| Vcco15    |       1.500 |     0.000 |       0.000 |      0.000 |
| Vcco135   |       1.350 |     0.000 |       0.000 |      0.000 |
| Vcco12    |       1.200 |     0.000 |       0.000 |      0.000 |
| Vccaux_io |       1.800 |     0.000 |       0.000 |      0.000 |
| Vccbram   |       1.000 |     0.006 |       0.000 |      0.006 |
| MGTAVcc   |       1.000 |     0.000 |       0.000 |      0.000 |
| MGTAVtt   |       1.200 |     0.000 |       0.000 |      0.000 |
| Vccadc    |       1.800 |     0.020 |       0.000 |      0.020 |
+-----------+-------------+-----------+-------------+------------+


1.3 Confidence Level
--------------------

+-----------------------------+------------+--------------------------------------------------------+--------------------------------------------------------------------------------------------------------------------+
| User Input Data             | Confidence | Details                                                | Action                                                                                                             |
+-----------------------------+------------+--------------------------------------------------------+--------------------------------------------------------------------------------------------------------------------+
| Design implementation state | High       | Design is routed                                       |                                                                                                                    |
| Clock nodes activity        | Low        | User specified less than 75% of clocks                 | Provide missing clock activity with a constraint file, simulation results or by editing the "By Clock Domain" view |
| I/O nodes activity          | Low        | More than 75% of inputs are missing user specification | Provide missing input activity with simulation results or by editing the "By Resource Type -> I/Os" view           |
| Internal nodes activity     | Medium     | User specified less than 25% of internal nodes         | Provide missing internal nodes activity with simulation results or by editing the "By Resource Type" views         |
| Device models               | High       | Device models are Production                           |                                                                                                                    |
|                             |            |                                                        |                                                                                                                    |
| Overall confidence level    | Low        |                                                        |                                                                                                                    |
+-----------------------------+------------+--------------------------------------------------------+--------------------------------------------------------------------------------------------------------------------+


2. Settings
-----------

2.1 Environment
---------------

+-----------------------+--------------------------+
| Ambient Temp (C)      | 25.0                     |
| ThetaJA (C/W)         | 5.0                      |
| Airflow (LFM)         | 250                      |
| Heat Sink             | medium (Medium Profile)  |
| ThetaSA (C/W)         | 4.6                      |
| Board Selection       | medium (10"x10")         |
| # of Board Layers     | 12to15 (12 to 15 Layers) |
| Board Temperature (C) | 25.0                     |
+-----------------------+--------------------------+


2.2 Clock Constraints
---------------------

+-------+--------+-----------------+
| Clock | Domain | Constraint (ns) |
+-------+--------+-----------------+


3. Detailed Reports
-------------------

3.1 By Hierarchy
----------------

+----------------------------------+-----------+
| Name                             | Power (W) |
+----------------------------------+-----------+
| basys3                           |    16.270 |
|   cd                             |     0.496 |
|   my_SCPU                        |    15.470 |
|     DM                           |     1.343 |
|     RF                           |     6.395 |
|       register_reg_r1_0_31_0_5   |     0.109 |
|       register_reg_r1_0_31_12_17 |     0.153 |
|       register_reg_r1_0_31_18_23 |     0.160 |
|       register_reg_r1_0_31_24_29 |     0.181 |
|       register_reg_r1_0_31_30_31 |     0.060 |
|       register_reg_r1_0_31_6_11  |     0.161 |
|       register_reg_r2_0_31_0_5   |     0.880 |
|       register_reg_r2_0_31_12_17 |     0.929 |
|       register_reg_r2_0_31_18_23 |     0.920 |
|       register_reg_r2_0_31_24_29 |     0.852 |
|       register_reg_r2_0_31_30_31 |     0.290 |
|       register_reg_r2_0_31_6_11  |     0.897 |
|     alu                          |     0.241 |
|     pc                           |     7.491 |
|   my_cg                          |     0.007 |
|   my_ct                          |     0.232 |
+----------------------------------+-----------+


